#
# A fatal error has been detected by the Java Runtime Environment:
#
#  SIGSEGV (0xb) at pc=0x000073129abf6e60, pid=52915, tid=52929
#
# JRE version: OpenJDK Runtime Environment (24.0+2) (build 24-leydenpremain+2-8)
# Java VM: OpenJDK 64-Bit Server VM (24-leydenpremain+2-8, mixed mode, sharing, tiered, compressed oops, compressed class ptrs, g1 gc, linux-amd64)
# Problematic frame:
# V  [libjvm.so+0x5f6e60]  ciObject::get_oop() const+0x0
#
# Core dump will be written. Default location: Core dumps may be processed with "/usr/share/apport/apport -p%p -s%s -c%c -d%d -P%P -u%u -g%g -- %E" (or dumping to /home/dreamlike/javaCode/leydenPlayground/core.52915)
#
# If you would like to submit a bug report, please visit:
#   https://bugreport.java.com/bugreport/crash.jsp
#

---------------  S U M M A R Y ------------

Command Line: -XX:CacheDataStore=spring-leyden.cds -XX:+UnlockDiagnosticVMOptions -XX:-ReduceAllocationMerges -XX:CDSPreimage=spring-leyden.cds.preimage 

Host: 13th Gen Intel(R) Core(TM) i5-13600KF, 20 cores, 62G, Ubuntu 24.04 LTS
Time: Tue Jun 25 00:07:48 2024 CST elapsed time: 9.296283 seconds (0d 0h 0m 9s)

---------------  T H R E A D  ---------------

Current thread (0x000073129426a050):  JavaThread "C2 CompilerThread0" daemon [_thread_in_vm, id=52929, stack(0x0000731263600000,0x0000731263700000) (1024K)]


Current CompileTask:
C2:  F9296 C0 Q0 S4 3989    b    4       java.util.DualPivotQuicksort::sort (685 bytes)

Stack: [0x0000731263600000,0x0000731263700000],  sp=0x00007312636fc808,  free space=1010k
Native frames: (J=compiled Java code, j=interpreted, Vv=VM code, C=native code)
V  [libjvm.so+0x5f6e60]  ciObject::get_oop() const+0x0
V  [libjvm.so+0xbd9d7c]  LibraryCallKit::inline_array_sort()+0xbc
V  [libjvm.so+0xbf042e]  LibraryIntrinsic::generate(JVMState*)+0x15e
V  [libjvm.so+0x78dbe3]  Parse::do_call()+0x203
V  [libjvm.so+0xda1241]  Parse::do_one_block()+0x1b1
V  [libjvm.so+0xda18f5]  Parse::do_all_blocks()+0xe5
V  [libjvm.so+0xda334c]  Parse::Parse(JVMState*, ciMethod*, float)+0x69c
V  [libjvm.so+0x5a2dab]  ParseGenerator::generate(JVMState*)+0x8b
V  [libjvm.so+0x695be5]  Compile::Compile(ciEnv*, ciMethod*, int, Options, DirectiveSet*)+0xcf5
V  [libjvm.so+0x5a1bf5]  C2Compiler::compile_method(ciEnv*, ciMethod*, int, bool, DirectiveSet*)+0x245
V  [libjvm.so+0x69fdef]  CompileBroker::invoke_compiler_on_method(CompileTask*)+0xe2f
V  [libjvm.so+0x6a24d8]  CompileBroker::compiler_thread_loop()+0x758
V  [libjvm.so+0x967628]  JavaThread::thread_main_inner() [clone .part.0]+0xb8
V  [libjvm.so+0xf6e5cf]  Thread::call_run()+0x9f
V  [libjvm.so+0xd74e13]  thread_native_entry(Thread*)+0x183
C  [libc.so.6+0x9ca94]

siginfo: si_signo: 11 (SIGSEGV), si_code: 1 (SEGV_MAPERR), si_addr: 0x0000000000000010

Registers:
RAX=0x0000000000000000, RBX=0x000073129426a050, RCX=0x000000000000001a, RDX=0x000073129426b530
RSP=0x00007312636fc808, RBP=0x00007312636fc830, RSI=0x0000731134fea138, RDI=0x0000000000000000
R8 =0x000073113402e920, R9 =0x0000731134a99910, R10=0x000073113402e990, R11=0x0000000000000005
R12=0x0000000000000000, R13=0x0000731134fe2640, R14=0x0000731134fe27f8, R15=0x0000731134fe6e58
RIP=0x000073129abf6e60, EFLAGS=0x0000000000010246, CSGSFS=0x002b000000000033, ERR=0x0000000000000004
  TRAPNO=0x000000000000000e


Register to memory mapping:

RAX=0x0 is null
RBX=0x000073129426a050 is a thread
RCX=0x000000000000001a is an unknown value
RDX=0x000073129426b530 points into unknown readable memory: 0x0000000000000003 | 03 00 00 00 00 00 00 00
RSP=0x00007312636fc808 is pointing into the stack for thread: 0x000073129426a050
RBP=0x00007312636fc830 is pointing into the stack for thread: 0x000073129426a050
RSI=0x0000731134fea138 points into unknown readable memory: 0x000073129bad7010 | 10 70 ad 9b 12 73 00 00
RDI=0x0 is null
R8 =0x000073113402e920 points into unknown readable memory: 0x000073129ba40f20 | 20 0f a4 9b 12 73 00 00
R9 =0x0000731134a99910 points into unknown readable memory: 0x0000000800000005 | 05 00 00 00 08 00 00 00
R10=0x000073113402e990 points into unknown readable memory: 0x000073113400b0b8 | b8 b0 00 34 11 73 00 00
R11=0x0000000000000005 is an unknown value
R12=0x0 is null
R13=0x0000731134fe2640 points into unknown readable memory: 0x000073129bae1a18 | 18 1a ae 9b 12 73 00 00
R14=0x0000731134fe27f8 points into unknown readable memory: 0x000073129bae1a18 | 18 1a ae 9b 12 73 00 00
R15=0x0000731134fe6e58 points into unknown readable memory: 0x000073129badabb0 | b0 ab ad 9b 12 73 00 00

Top of Stack: (sp=0x00007312636fc808)
0x00007312636fc808:   000073129abe0f1d 0000731134fe6028
0x00007312636fc818:   00007312636fc8f0 0000731134fe2790
0x00007312636fc828:   0000731134fe2640 00007312636fc890
0x00007312636fc838:   000073129b1d9d7c 0000000000000000
0x00007312636fc848:   000073113501e4f8 000073113501e7a5
0x00007312636fc858:   0000731134fe2640 000000b8000000b8
0x00007312636fc868:   00007311344125b8 00007311344116b8
0x00007312636fc878:   00007312636fda30 000073113464dcb8
0x00007312636fc888:   00007312636fc8f0 00007312636fca20
0x00007312636fc898:   000073129b1f042e 0000000000000001
0x00007312636fc8a8:   0000000000000000 0000000000000001
0x00007312636fc8b8:   0000000000000000 00007312636fc930
0x00007312636fc8c8:   00007312000000b6 0000000000000000
0x00007312636fc8d8:   0000731200000046 010000007fffffff
0x00007312636fc8e8:   000073113464dd68 000073129ba3b6e8
0x00007312636fc8f8:   0000731200000001 00007312636fda30
0x00007312636fc908:   00007312636fe610 00007312636fcf70
0x00007312636fc918:   0000731134fe6f88 0000000000000000
0x00007312636fc928:   0000731200000046 000073113501b6a0
0x00007312636fc938:   0000731294003eb0 0000731200000000
0x00007312636fc948:   00007311344125b8 0000000000000000
0x00007312636fc958:   0000731100000007 00007312636fc9b0
0x00007312636fc968:   000073129abeee53 00007312636fda30
0x00007312636fc978:   00007312636fc9d4 00007312636fc9b0
0x00007312636fc988:   0000000000000001 0000000000000030
0x00007312636fc998:   00007312636fcbf0 0000731134a9e6c0
0x00007312636fc9a8:   0000000000000001 00007312636fca10
0x00007312636fc9b8:   000073129aec7415 00007312636fc9d4
0x00007312636fc9c8:   000000073501b610 000000029426a050
0x00007312636fc9d8:   0000000000000000 00007312636fca20
0x00007312636fc9e8:   d729a42b8ebf1c00 000073113501b610
0x00007312636fc9f8:   000073113464dcb8 0000000000000000 

Instructions: (pc=0x000073129abf6e60)
0x000073129abf6d60:   48 89 f7 e8 38 49 43 00 48 c7 43 18 00 00 00 00
0x000073129abf6d70:   48 89 43 10 5b 41 5c 5d c3 0f 1f 80 00 00 00 00
0x000073129abf6d80:   31 d2 be 08 00 00 00 e8 e4 74 e4 ff eb ae 66 90
0x000073129abf6d90:   55 48 8d 05 78 b1 e3 00 48 89 e5 53 48 89 fb 48
0x000073129abf6da0:   89 f7 48 83 ec 08 48 89 03 48 8d 05 50 d0 f3 00
0x000073129abf6db0:   c7 43 08 00 00 00 00 0f b6 00 48 c7 43 20 00 00
0x000073129abf6dc0:   00 00 84 c0 74 22 48 85 f6 74 03 48 8b 3e e8 cd
0x000073129abf6dd0:   48 43 00 48 89 43 10 48 c7 43 18 00 00 00 00 48
0x000073129abf6de0:   8b 5d f8 c9 c3 0f 1f 00 31 f6 e8 f1 3b 43 00 eb
0x000073129abf6df0:   e2 90 66 66 2e 0f 1f 84 00 00 00 00 00 0f 1f 00
0x000073129abf6e00:   48 8d 05 09 b1 e3 00 c7 47 08 00 00 00 00 48 89
0x000073129abf6e10:   07 48 c7 47 20 00 00 00 00 48 c7 47 10 00 00 00
0x000073129abf6e20:   00 48 89 77 18 c3 66 2e 0f 1f 84 00 00 00 00 00
0x000073129abf6e30:   48 8d 05 d9 b0 e3 00 66 0f ef c0 c7 47 08 00 00
0x000073129abf6e40:   00 00 48 89 07 48 c7 47 20 00 00 00 00 0f 11 47
0x000073129abf6e50:   10 c3 66 66 2e 0f 1f 84 00 00 00 00 00 0f 1f 00
0x000073129abf6e60:   48 8b 7f 10 48 89 f8 83 e0 03 48 83 f8 01 74 20
0x000073129abf6e70:   48 83 f8 02 74 0a 48 8b 07 c3 66 0f 1f 44 00 00
0x000073129abf6e80:   48 83 ef 02 ff 25 7e 51 f0 00 66 0f 1f 44 00 00
0x000073129abf6e90:   48 83 ef 01 ff 25 76 51 f0 00 66 0f 1f 44 00 00
0x000073129abf6ea0:   48 8b 47 18 48 85 c0 74 07 c3 66 0f 1f 44 00 00
0x000073129abf6eb0:   55 48 89 e5 41 55 41 54 53 48 89 fb 48 83 ec 08
0x000073129abf6ec0:   48 83 7f 10 00 0f 84 77 02 00 00 e8 70 2d fe ff
0x000073129abf6ed0:   84 c0 0f 85 40 01 00 00 66 48 8d 3d 68 45 f0 00
0x000073129abf6ee0:   66 66 48 e8 18 29 ca ff 4c 8b 20 48 8d 05 1e 48
0x000073129abf6ef0:   f5 00 80 38 00 41 c7 84 24 64 04 00 00 06 00 00
0x000073129abf6f00:   00 75 05 f0 83 04 24 00 49 8b 84 24 68 04 00 00
0x000073129abf6f10:   a8 01 0f 85 d8 01 00 00 41 8b 84 24 60 04 00 00
0x000073129abf6f20:   a8 0c 0f 85 e0 01 00 00 41 c7 84 24 64 04 00 00
0x000073129abf6f30:   06 00 00 00 48 8b 7b 10 48 89 f8 83 e0 03 48 83
0x000073129abf6f40:   f8 01 0f 84 90 01 00 00 48 83 f8 02 0f 84 c6 01
0x000073129abf6f50:   00 00 4c 8b 2f 66 48 8d 3d eb 44 f0 00 66 66 48 


Stack slot to memory mapping:

stack at sp + 0 slots: 0x000073129abe0f1d: <offset 0x00000000005e0f1d> in /home/dreamlike/jdks/leyden-jdk-24/lib/server/libjvm.so at 0x000073129a600000
stack at sp + 1 slots: 0x0000731134fe6028 points into unknown readable memory: 0x000073129badbc18 | 18 bc ad 9b 12 73 00 00
stack at sp + 2 slots: 0x00007312636fc8f0 is pointing into the stack for thread: 0x000073129426a050
stack at sp + 3 slots: 0x0000731134fe2790 points into unknown readable memory: 0x000073129bae1a18 | 18 1a ae 9b 12 73 00 00
stack at sp + 4 slots: 0x0000731134fe2640 points into unknown readable memory: 0x000073129bae1a18 | 18 1a ae 9b 12 73 00 00
stack at sp + 5 slots: 0x00007312636fc890 is pointing into the stack for thread: 0x000073129426a050
stack at sp + 6 slots: 0x000073129b1d9d7c: <offset 0x0000000000bd9d7c> in /home/dreamlike/jdks/leyden-jdk-24/lib/server/libjvm.so at 0x000073129a600000
stack at sp + 7 slots: 0x0 is null

Lock stack of current Java thread (top to bottom):


---------------  P R O C E S S  ---------------

Threads class SMR info:
_java_thread_list=0x0000731294670740, length=11, elements={
0x000073129402a7c0, 0x00007312942626d0, 0x0000731294263c50, 0x0000731294265480,
0x0000731294266b90, 0x00007312942681c0, 0x000073129426a050, 0x000073129426b7b0,
0x00007312942d8ac0, 0x000073129466e140, 0x000073129466f550
}

Java Threads: ( => current thread )
  0x000073129402a7c0 JavaThread "main"                              [_thread_blocked, id=52916, stack(0x000073129a500000,0x000073129a600000) (1024K)]
  0x00007312942626d0 JavaThread "Reference Handler"          daemon [_thread_blocked, id=52924, stack(0x00007312681ac000,0x00007312682ac000) (1024K)]
  0x0000731294263c50 JavaThread "Finalizer"                  daemon [_thread_blocked, id=52925, stack(0x00007312680ac000,0x00007312681ac000) (1024K)]
  0x0000731294265480 JavaThread "Signal Dispatcher"          daemon [_thread_blocked, id=52926, stack(0x0000731263900000,0x0000731263a00000) (1024K)]
  0x0000731294266b90 JavaThread "Service Thread"             daemon [_thread_blocked, id=52927, stack(0x0000731263800000,0x0000731263900000) (1024K)]
  0x00007312942681c0 JavaThread "Monitor Deflation Thread"   daemon [_thread_blocked, id=52928, stack(0x0000731263700000,0x0000731263800000) (1024K)]
=>0x000073129426a050 JavaThread "C2 CompilerThread0"         daemon [_thread_in_vm, id=52929, stack(0x0000731263600000,0x0000731263700000) (1024K)]
  0x000073129426b7b0 JavaThread "C1 CompilerThread0"         daemon [_thread_blocked, id=52930, stack(0x0000731263500000,0x0000731263600000) (1024K)]
  0x00007312942d8ac0 JavaThread "Common-Cleaner"             daemon [_thread_blocked, id=52931, stack(0x0000731263400000,0x0000731263500000) (1024K)]
  0x000073129466e140 JavaThread "Training replay thread"     daemon [_thread_blocked, id=52932, stack(0x0000731263300000,0x0000731263400000) (1024K)]
  0x000073129466f550 JavaThread "Notification Thread"        daemon [_thread_blocked, id=52933, stack(0x0000731263200000,0x0000731263300000) (1024K)]
Total: 11

Other Threads:
  0x00007312942594a0 VMThread "VM Thread"                           [id=52923, stack(0x00007312682ad000,0x00007312683ad000) (1024K)]
  0x00007312940454f0 WatcherThread "VM Periodic Task Thread"        [id=52922, stack(0x000073126847e000,0x000073126857e000) (1024K)]
  0x000073129405f320 WorkerThread "GC Thread#0"                     [id=52917, stack(0x000073129807e000,0x000073129817e000) (1024K)]
  0x00007312940741d0 ConcurrentGCThread "G1 Main Marker"            [id=52918, stack(0x000073127a700000,0x000073127a800000) (1024K)]
  0x00007312940750b0 WorkerThread "G1 Conc#0"                       [id=52919, stack(0x000073126ab00000,0x000073126ac00000) (1024K)]
  0x00007312940ec850 ConcurrentGCThread "G1 Refine#0"               [id=52920, stack(0x00007312687ff000,0x00007312688ff000) (1024K)]
  0x00007312940ed840 ConcurrentGCThread "G1 Service"                [id=52921, stack(0x00007312686fe000,0x00007312687fe000) (1024K)]
Total: 7

Threads with active compile tasks:
C2 CompilerThread0    F9297 C0 Q0 S5 3989    b    4       java.util.DualPivotQuicksort::sort (685 bytes)
Total: 1

VM state: not at safepoint (normal execution)

VM Mutex/Monitor currently owned by a thread: None

Heap address: 0x0000000080800000, size: 16040 MB, Compressed Oops mode: Non-zero based: 0x0000000080000000, Oop shift amount: 3

CDS archive(s) mapped at: [0x0000000800000000-0x000000080e53f000-0x000000080e53f000), size 240381952, SharedBaseAddress: 0x0000000800000000, ArchiveRelocationMode: 0.
Compressed class space mapped at: 0x000000080f000000-0x000000084f000000, reserved size: 1073741824
Narrow klass base: 0x0000000800000000, Narrow klass shift: 0, Narrow klass range: 0x100000000

GC Precious Log:
 CardTable entry size: 512
 Card Set container configuration: InlinePtr #cards 4 size 8 Array Of Cards #cards 64 size 144 Howl #buckets 8 coarsen threshold 14745 Howl Bitmap #cards 2048 size 272 coarsen threshold 1843 Card regions per heap region 1 cards per card region 16384
 CPUs: 20 total, 20 available
 Memory: 64141M
 Large Page Support: Disabled
 NUMA Support: Disabled
 Compressed Oops: Enabled (Non-zero based)
 Heap Region Size: 8M
 Heap Min Capacity: 8M
 Heap Initial Capacity: 1008M
 Heap Max Capacity: 16040M
 Pre-touch: Disabled
 Parallel Workers: 1
 Concurrent Workers: 1
 Concurrent Refinement Workers: 1
 Periodic GC: Disabled

Heap:
 garbage-first heap   total reserved 16424960K, committed 32768K, used 2540K [0x0000000080800000, 0x000000046b000000)
  region size 8192K, 1 young (8192K), 0 survivors (0K)
 Metaspace       used 1904K, committed 2048K, reserved 1114112K
  class space    used 112K, committed 192K, reserved 1048576K

Heap Regions: E=young(eden), S=young(survivor), O=old, HS=humongous(starts), HC=humongous(continues), CS=collection set, F=free, TAMS=top-at-mark-start, PB=parsable bottom
|   0|0x0000000080800000, 0x0000000080a7b330, 0x0000000081000000| 31%| O|  |TAMS 0x0000000080800000| PB 0x0000000080800000| Untracked |  0
|   1|0x0000000081000000, 0x0000000081000000, 0x0000000081800000|  0%| F|  |TAMS 0x0000000081000000| PB 0x0000000081000000| Untracked |  0
|   2|0x0000000081800000, 0x0000000081800000, 0x0000000082000000|  0%| F|  |TAMS 0x0000000081800000| PB 0x0000000081800000| Untracked |  0
|   3|0x0000000082000000, 0x00000000821edd40, 0x0000000082800000| 24%| E|  |TAMS 0x0000000082000000| PB 0x0000000082000000| Complete |  0

Card table byte_map: [0x000073127a800000,0x000073127c754000] _byte_map_base: 0x000073127a3fc000

Marking Bits: (CMBitMap*) 0x000073129405fd90
 Bits: [0x000073126ac00000, 0x000073127a6a0000)

Polling page: 0x000073129bf82000

Metaspace:

Usage:
  Non-class:      1.75 MB used.
      Class:    112.61 KB used.
       Both:      1.86 MB used.

Virtual space:
  Non-class space:       64.00 MB reserved,       1.81 MB (  3%) committed,  1 nodes.
      Class space:        1.00 GB reserved,     192.00 KB ( <1%) committed,  1 nodes.
             Both:        1.06 GB reserved,       2.00 MB ( <1%) committed. 

Chunk freelists:
   Non-Class:  11.88 MB
       Class:  15.70 MB
        Both:  27.57 MB

MaxMetaspaceSize: unlimited
CompressedClassSpaceSize: 1.00 GB
Initial GC threshold: 21.00 MB
Current GC threshold: 21.00 MB
CDS: on
 - commit_granule_bytes: 65536.
 - commit_granule_words: 8192.
 - virtual_space_node_default_size: 8388608.
 - enlarge_chunks_in_place: 1.
 - use_allocation_guard: 0.


Internal statistics:

num_allocs_failed_limit: 0.
num_arena_births: 74.
num_arena_deaths: 0.
num_vsnodes_births: 2.
num_vsnodes_deaths: 0.
num_space_committed: 32.
num_space_uncommitted: 0.
num_chunks_returned_to_freelist: 0.
num_chunks_taken_from_freelist: 86.
num_chunk_merges: 0.
num_chunk_splits: 56.
num_chunks_enlarged: 33.
num_inconsistent_stats: 0.

CodeHeap 'non-profiled nmethods': size=119148Kb used=1164Kb max_used=1164Kb free=117984Kb
 bounds [0x00007312843a5000, 0x0000731284615000, 0x000073128b800000]
CodeHeap 'profiled nmethods': size=119140Kb used=3297Kb max_used=3297Kb free=115843Kb
 bounds [0x000073127c800000, 0x000073127cb40000, 0x0000731283c59000]
CodeHeap 'non-nmethods': size=7472Kb used=1505Kb max_used=1561Kb free=5966Kb
 bounds [0x0000731283c59000, 0x0000731283ec9000, 0x00007312843a5000]
CodeCache: size=245760Kb, used=5966Kb, max_used=6022Kb, free=239793Kb
 total_blobs=4147, nmethods=3549, adapters=503, full_count=0
Compilation: enabled, stopped_count=0, restarted_count=0

Compilation events (20 events):
Event: 9.286 Thread 0x000073129426b7b0 nmethod 3977 0x000073127cb35788 code [0x000073127cb35900, 0x000073127cb35c50]
Event: 9.286 Thread 0x000073129426b7b0 3979    b    2       java.util.regex.Matcher::start (9 bytes)
Event: 9.286 Thread 0x000073129426b7b0 nmethod 3979 0x000073127cb35c88 code [0x000073127cb35dc0, 0x000073127cb35fa8]
Event: 9.286 Thread 0x000073129426b7b0 3980    b    2       java.util.regex.Matcher::search (154 bytes)
Event: 9.286 Thread 0x000073129426b7b0 nmethod 3980 0x000073127cb36008 code [0x000073127cb36180, 0x000073127cb364c8]
Event: 9.286 Thread 0x000073129426b7b0 3981    b    2       java.util.regex.Matcher::checkMatch (19 bytes)
Event: 9.286 Thread 0x000073129426b7b0 nmethod 3981 0x000073127cb36508 code [0x000073127cb36640, 0x000073127cb36828]
Event: 9.286 Thread 0x000073129426b7b0 3982    b    2       java.util.DualPivotQuicksort::insertionSort (68 bytes)
Event: 9.286 Thread 0x000073129426b7b0 nmethod 3982 0x000073127cb36888 code [0x000073127cb369c0, 0x000073127cb36c28]
Event: 9.286 Thread 0x000073129426b7b0 3983    b    2       java.util.DualPivotQuicksort::sort (77 bytes)
Event: 9.287 Thread 0x000073129426b7b0 nmethod 3983 0x000073127cb36c88 code [0x000073127cb36e00, 0x000073127cb371c8]
Event: 9.287 Thread 0x000073129426b7b0 3984    b    2       java.util.DualPivotQuicksort::sort (685 bytes)
Event: 9.287 Thread 0x000073129426a050 3985    b    4       java.io.ByteArrayOutputStream::ensureCapacity (32 bytes)
Event: 9.287 Thread 0x000073129426b7b0 nmethod 3984 0x000073127cb37208 code [0x000073127cb37460, 0x000073127cb38050]
Event: 9.287 Thread 0x000073129426b7b0 3986    b    2       java.util.DualPivotQuicksort::sort (13 bytes)
Event: 9.287 Thread 0x000073129426b7b0 nmethod 3986 0x000073127cb38108 code [0x000073127cb38240, 0x000073127cb383c0]
Event: 9.288 Thread 0x000073129426a050 3987    b    4       java.util.DualPivotQuicksort::insertionSort (68 bytes)
Event: 9.291 Thread 0x000073129426a050 nmethod 3987 0x00007312844c7c08 code [0x00007312844c7d40, 0x00007312844c7ff8]
Event: 9.291 Thread 0x000073129426a050 3988    b    4       java.util.LinkedHashMap$LinkedValues::iterator (16 bytes)
Event: 9.292 Thread 0x000073129426a050 3989    b    4       java.util.DualPivotQuicksort::sort (685 bytes)

GC Heap History (2 events):
Event: 0.333 GC heap before
{Heap before GC invocations=0 (full 0):
 garbage-first heap   total reserved 16424960K, committed 1032192K, used 0K [0x0000000080800000, 0x000000046b000000)
  region size 8192K, 1 young (8192K), 0 survivors (0K)
 Metaspace       used 1032K, committed 1216K, reserved 1114112K
  class space    used 112K, committed 192K, reserved 1048576K
}
Event: 0.352 GC heap after
{Heap after GC invocations=1 (full 1):
 garbage-first heap   total reserved 16424960K, committed 32768K, used 2540K [0x0000000080800000, 0x000000046b000000)
  region size 8192K, 0 young (0K), 0 survivors (0K)
 Metaspace       used 1032K, committed 1216K, reserved 1114112K
  class space    used 112K, committed 192K, reserved 1048576K
}

Dll operation events (5 events):
Event: 0.001 Loaded shared library /home/dreamlike/jdks/leyden-jdk-24/lib/libjava.so
Event: 0.005 Loaded shared library /home/dreamlike/jdks/leyden-jdk-24/lib/libzip.so
Event: 0.145 Loaded shared library /home/dreamlike/jdks/leyden-jdk-24/lib/libsimdsort.so
Event: 0.145 Loaded shared library /home/dreamlike/jdks/leyden-jdk-24/lib/libjsvml.so
Event: 0.170 Loaded shared library /home/dreamlike/jdks/leyden-jdk-24/lib/libnio.so

Deoptimization events (10 events):
Event: 0.157 Thread 0x000073129402a7c0 DEOPT PACKING pc=0x000073127c800c45 sp=0x000073129a5fe200
Event: 0.157 Thread 0x000073129402a7c0 DEOPT UNPACKING pc=0x0000731283cad416 sp=0x000073129a5fd6a8 mode 0
Event: 0.234 Thread 0x000073129402a7c0 DEOPT PACKING pc=0x000073127c831a46 sp=0x000073129a5fb960
Event: 0.234 Thread 0x000073129402a7c0 DEOPT UNPACKING pc=0x0000731283cad416 sp=0x000073129a5fae70 mode 0
Event: 0.259 Thread 0x000073129402a7c0 DEOPT PACKING pc=0x000073127c846eca sp=0x000073129a5fc190
Event: 0.259 Thread 0x000073129402a7c0 DEOPT UNPACKING pc=0x0000731283cad416 sp=0x000073129a5fb680 mode 0
Event: 0.330 Thread 0x000073129402a7c0 DEOPT PACKING pc=0x000073127c9610c3 sp=0x000073129a5fc7a0
Event: 0.330 Thread 0x000073129402a7c0 DEOPT UNPACKING pc=0x0000731283cad416 sp=0x000073129a5fbc70 mode 0
Event: 0.360 Thread 0x000073129402a7c0 DEOPT PACKING pc=0x000073127c8d57f8 sp=0x000073129a5fcb50
Event: 0.360 Thread 0x000073129402a7c0 DEOPT UNPACKING pc=0x0000731283cad416 sp=0x000073129a5fc080 mode 0

Classes loaded (10 events):
Event: 0.177 Loading class jdk/internal/vm/PostVMInitHook
Event: 0.177 Loading class jdk/internal/vm/PostVMInitHook done
Event: 0.178 Loading class java/lang/invoke/MethodType$Archiver
Event: 0.179 Loading class java/lang/invoke/MethodType$Archiver done
Event: 0.304 Loading class java/lang/reflect/Proxy$ProxyBuilder$ArchivedData
Event: 0.304 Loading class java/lang/reflect/Proxy$ProxyBuilder$ArchivedData done
Event: 0.314 Loading class java/lang/reflect/Proxy$ProxyBuilder$ArchivedData$InterfacesKey
Event: 0.314 Loading class java/lang/reflect/Proxy$ProxyBuilder$ArchivedData$InterfacesKey done
Event: 0.333 Loading class jdk/internal/math/FDBigInteger
Event: 0.333 Loading class jdk/internal/math/FDBigInteger done

Classes unloaded (0 events):
No events

Classes redefined (0 events):
No events

Internal exceptions (7 events):
Event: 0.214 Thread 0x000073129402a7c0 Exception <a 'java/lang/NoSuchMethodError'{0x00000000bf5280f8}: 'int java.lang.invoke.DirectMethodHandle$Holder.invokeStaticInit(java.lang.Object, int, int, int)'> (0x00000000bf5280f8) 
thrown [open/src/hotspot/share/interpreter/linkResolver.cpp, line 801]
Event: 0.217 Thread 0x000073129402a7c0 Exception <a 'java/lang/NoSuchMethodError'{0x00000000bf533530}: 'int java.lang.invoke.DirectMethodHandle$Holder.invokeStaticInit(java.lang.Object, java.lang.Object, java.lang.Object, int)'> (0x00000000bf533530) 
thrown [open/src/hotspot/share/interpreter/linkResolver.cpp, line 801]
Event: 0.218 Thread 0x000073129402a7c0 Exception <a 'java/lang/NoSuchMethodError'{0x00000000bf539a28}: 'int java.lang.invoke.DirectMethodHandle$Holder.invokeStaticInit(java.lang.Object, int)'> (0x00000000bf539a28) 
thrown [open/src/hotspot/share/interpreter/linkResolver.cpp, line 801]
Event: 0.219 Thread 0x000073129402a7c0 Exception <a 'java/lang/NoSuchMethodError'{0x00000000bf5408c8}: 'int java.lang.invoke.DirectMethodHandle$Holder.invokeStaticInit(java.lang.Object, java.lang.Object, int)'> (0x00000000bf5408c8) 
thrown [open/src/hotspot/share/interpreter/linkResolver.cpp, line 801]
Event: 0.230 Thread 0x000073129402a7c0 Exception <a 'java/lang/NoSuchMethodError'{0x00000000bf580350}: 'void java.lang.invoke.DirectMethodHandle$Holder.invokeStaticInit(java.lang.Object, int, java.lang.Object, int, java.lang.Object, int, java.lang.Object, java.lang.Object, int, java.lang.Object)'> (0x00000000bf580350) 
thrown [open/src/hotspot/share/interpreter/linkResolver.cpp, line 801]
Event: 0.236 Thread 0x000073129402a7c0 Exception <a 'java/lang/NoSuchMethodError'{0x00000000bf58a0b8}: 'void java.lang.invoke.DirectMethodHandle$Holder.invokeStaticInit(java.lang.Object, java.lang.Object, java.lang.Object, java.lang.Object, java.lang.Object, java.lang.Object)'> (0x00000000bf58a0b8) 
thrown [open/src/hotspot/share/interpreter/linkResolver.cpp, line 801]
Event: 0.277 Thread 0x000073129402a7c0 Exception <a 'java/lang/NoSuchMethodError'{0x00000000bf66fe60}: 'java.lang.Object java.lang.invoke.DirectMethodHandle$Holder.invokeStaticInit(java.lang.Object, java.lang.Object, java.lang.Object, java.lang.Object)'> (0x00000000bf66fe60) 
thrown [open/src/hotspot/share/interpreter/linkResolver.cpp, line 801]

VM Operations (14 events):
Event: 0.169 Executing VM operation: HandshakeAllThreads (Deoptimize)
Event: 0.170 Executing VM operation: HandshakeAllThreads (Deoptimize) done
Event: 0.197 Executing VM operation: HandshakeAllThreads (Deoptimize)
Event: 0.197 Executing VM operation: HandshakeAllThreads (Deoptimize) done
Event: 0.203 Executing VM operation: HandshakeAllThreads (Deoptimize)
Event: 0.203 Executing VM operation: HandshakeAllThreads (Deoptimize) done
Event: 0.203 Executing VM operation: HandshakeAllThreads (Deoptimize)
Event: 0.203 Executing VM operation: HandshakeAllThreads (Deoptimize) done
Event: 0.221 Executing VM operation: HandshakeAllThreads (Deoptimize)
Event: 0.221 Executing VM operation: HandshakeAllThreads (Deoptimize) done
Event: 0.333 Executing VM operation: G1CollectFull (System.gc())
Event: 0.352 Executing VM operation: G1CollectFull (System.gc()) done
Event: 0.361 Executing VM operation: PopulateDumpSharedSpace
Event: 5.278 Executing VM operation: PopulateDumpSharedSpace done

Memory protections (11 events):
Event: 0.001 Protecting memory [0x000073129a500000,0x000073129a504000] with protection modes 0
Event: 0.149 Protecting memory [0x00007312681ac000,0x00007312681b0000] with protection modes 0
Event: 0.149 Protecting memory [0x00007312680ac000,0x00007312680b0000] with protection modes 0
Event: 0.149 Protecting memory [0x0000731263900000,0x0000731263904000] with protection modes 0
Event: 0.149 Protecting memory [0x0000731263800000,0x0000731263804000] with protection modes 0
Event: 0.149 Protecting memory [0x0000731263700000,0x0000731263704000] with protection modes 0
Event: 0.149 Protecting memory [0x0000731263600000,0x0000731263604000] with protection modes 0
Event: 0.149 Protecting memory [0x0000731263500000,0x0000731263504000] with protection modes 0
Event: 0.170 Protecting memory [0x0000731263400000,0x0000731263404000] with protection modes 0
Event: 0.177 Protecting memory [0x0000731263300000,0x0000731263304000] with protection modes 0
Event: 0.177 Protecting memory [0x0000731263200000,0x0000731263204000] with protection modes 0

Nmethod flushes (0 events):
No events

Events (11 events):
Event: 0.136 Thread 0x000073129402a7c0 Thread added: 0x000073129402a7c0
Event: 0.149 Thread 0x000073129402a7c0 Thread added: 0x00007312942626d0
Event: 0.149 Thread 0x000073129402a7c0 Thread added: 0x0000731294263c50
Event: 0.149 Thread 0x000073129402a7c0 Thread added: 0x0000731294265480
Event: 0.149 Thread 0x000073129402a7c0 Thread added: 0x0000731294266b90
Event: 0.149 Thread 0x000073129402a7c0 Thread added: 0x00007312942681c0
Event: 0.149 Thread 0x000073129402a7c0 Thread added: 0x000073129426a050
Event: 0.149 Thread 0x000073129402a7c0 Thread added: 0x000073129426b7b0
Event: 0.170 Thread 0x000073129402a7c0 Thread added: 0x00007312942d8ac0
Event: 0.177 Thread 0x000073129402a7c0 Thread added: 0x000073129466e140
Event: 0.177 Thread 0x000073129402a7c0 Thread added: 0x000073129466f550


Dynamic libraries:
80000000-80800000 ---p 00000000 00:00 0 
80800000-82800000 rw-p 00000000 00:00 0 
82800000-46b000000 ---p 00000000 00:00 0 
800000000-80e53f000 rw-p 00001000 103:05 10272797                        /home/dreamlike/javaCode/leydenPlayground/spring-leyden.cds.preimage
80e53f000-80f000000 ---p 00000000 00:00 0 
80f000000-80f010000 rw-p 00000000 00:00 0 
80f010000-80f040000 ---p 00000000 00:00 0 
80f040000-80f060000 rw-p 00000000 00:00 0 
80f060000-84f000000 ---p 00000000 00:00 0 
5f6f89903000-5f6f89904000 r-xp 00000000 103:05 10394590                  /home/dreamlike/jdks/leyden-jdk-24/bin/java
5f6f89905000-5f6f89906000 r--p 00001000 103:05 10394590                  /home/dreamlike/jdks/leyden-jdk-24/bin/java
5f6f89906000-5f6f89907000 rw-p 00002000 103:05 10394590                  /home/dreamlike/jdks/leyden-jdk-24/bin/java
5f6f8a1b1000-5f6f8a1fa000 rw-p 00000000 00:00 0                          [heap]
7310e0000000-7310e351b000 rw-p 00000000 00:00 0 
7310e351b000-7310e4000000 ---p 00000000 00:00 0 
7310e4e00000-7310f3027000 rw-p 00000000 00:00 0 
7310f3027000-73110be94000 ---p 00000000 00:00 0 
73110c000000-731110000000 rw-p 00000000 00:00 0 
731110000000-731114000000 rw-p 00000000 00:00 0 
731118000000-73111c000000 rw-p 00000000 00:00 0 
73111c000000-73111c021000 rw-p 00000000 00:00 0 
73111c021000-731120000000 ---p 00000000 00:00 0 
731124000000-731124021000 rw-p 00000000 00:00 0 
731124021000-731128000000 ---p 00000000 00:00 0 
731128000000-731128021000 rw-p 00000000 00:00 0 
731128021000-73112c000000 ---p 00000000 00:00 0 
731130000000-731130264000 rw-p 00000000 00:00 0 
731130264000-731134000000 ---p 00000000 00:00 0 
731134000000-731136173000 rw-p 00000000 00:00 0 
731136173000-731138000000 ---p 00000000 00:00 0 
73113c000000-73113c021000 rw-p 00000000 00:00 0 
73113c021000-731140000000 ---p 00000000 00:00 0 
731140000000-731140021000 rw-p 00000000 00:00 0 
731140021000-731144000000 ---p 00000000 00:00 0 
731148000000-731148021000 rw-p 00000000 00:00 0 
731148021000-73114c000000 ---p 00000000 00:00 0 
73114c000000-73114c021000 rw-p 00000000 00:00 0 
73114c021000-731150000000 ---p 00000000 00:00 0 
731154000000-731154021000 rw-p 00000000 00:00 0 
731154021000-731158000000 ---p 00000000 00:00 0 
731158000000-73115c000000 rw-p 00000000 00:00 0 
731160000000-7311601b0000 rw-p 00000000 00:00 0 
7311601b0000-731160400000 ---p 00000000 00:00 0 
731160400000-731160420000 rw-p 00000000 00:00 0 
731160420000-731164000000 ---p 00000000 00:00 0 
731164000000-731164021000 rw-p 00000000 00:00 0 
731164021000-731168000000 ---p 00000000 00:00 0 
73116be00000-73118be01000 rw-p 00000000 00:00 0 
73118c000000-73118c100000 rw-p 00000000 00:00 0 
73118c100000-73124c000000 ---p 00000000 00:00 0 
73124c000000-73124c021000 rw-p 00000000 00:00 0 
73124c021000-731250000000 ---p 00000000 00:00 0 
731250000000-731250021000 rw-p 00000000 00:00 0 
731250021000-731254000000 ---p 00000000 00:00 0 
731256e00000-731257e01000 rw-p 00000000 00:00 0 
731258000000-731258021000 rw-p 00000000 00:00 0 
731258021000-73125c000000 ---p 00000000 00:00 0 
73125c000000-73125c021000 rw-p 00000000 00:00 0 
73125c021000-731260000000 ---p 00000000 00:00 0 
731261200000-731261a01000 rw-p 00000000 00:00 0 
731262c00000-731262e01000 rw-p 00000000 00:00 0 
731263200000-731263204000 ---p 00000000 00:00 0 
731263204000-731263300000 rw-p 00000000 00:00 0 
731263300000-731263304000 ---p 00000000 00:00 0 
731263304000-731263400000 rw-p 00000000 00:00 0 
731263400000-731263404000 ---p 00000000 00:00 0 
731263404000-731263500000 rw-p 00000000 00:00 0 
731263500000-731263504000 ---p 00000000 00:00 0 
731263504000-731263600000 rw-p 00000000 00:00 0 
731263600000-731263604000 ---p 00000000 00:00 0 
731263604000-731263700000 rw-p 00000000 00:00 0 
731263700000-731263704000 ---p 00000000 00:00 0 
731263704000-731263800000 rw-p 00000000 00:00 0 
731263800000-731263804000 ---p 00000000 00:00 0 
731263804000-731263900000 rw-p 00000000 00:00 0 
731263900000-731263904000 ---p 00000000 00:00 0 
731263904000-731263a00000 rw-p 00000000 00:00 0 
731263a00000-731263f98000 r--p 00000000 103:05 4458454                   /usr/lib/locale/locale-archive
731264000000-731264021000 rw-p 00000000 00:00 0 
731264021000-731268000000 ---p 00000000 00:00 0 
7312680ac000-7312680b0000 ---p 00000000 00:00 0 
7312680b0000-7312681ac000 rw-p 00000000 00:00 0 
7312681ac000-7312681b0000 ---p 00000000 00:00 0 
7312681b0000-7312682ac000 rw-p 00000000 00:00 0 
7312682ac000-7312682ad000 ---p 00000000 00:00 0 
7312682ad000-7312683ad000 rw-p 00000000 00:00 0 
7312683ad000-73126847b000 r-xp 00000000 103:05 10395063                  /home/dreamlike/jdks/leyden-jdk-24/lib/libjsvml.so
73126847b000-73126847c000 r--p 000cd000 103:05 10395063                  /home/dreamlike/jdks/leyden-jdk-24/lib/libjsvml.so
73126847c000-73126847d000 rw-p 000ce000 103:05 10395063                  /home/dreamlike/jdks/leyden-jdk-24/lib/libjsvml.so
73126847d000-73126847e000 ---p 00000000 00:00 0 
73126847e000-73126857e000 rw-p 00000000 00:00 0 
73126857e000-7312686fd000 r--s 019ab000 103:05 10272796                  /home/dreamlike/javaCode/leydenPlayground/leyden-spring/target/leyden-spring-0.0.1.jar
7312686fd000-7312686fe000 ---p 00000000 00:00 0 
7312686fe000-7312687fe000 rw-p 00000000 00:00 0 
7312687fe000-7312687ff000 ---p 00000000 00:00 0 
7312687ff000-7312688ff000 rw-p 00000000 00:00 0 
7312688ff000-73126aa00000 rw-p 00000000 00:00 0 
73126aa3d000-73126aa7b000 r-xp 00000000 103:05 10395075                  /home/dreamlike/jdks/leyden-jdk-24/lib/libsimdsort.so
73126aa7b000-73126aa7c000 ---p 0003e000 103:05 10395075                  /home/dreamlike/jdks/leyden-jdk-24/lib/libsimdsort.so
73126aa7c000-73126aa7d000 r--p 0003e000 103:05 10395075                  /home/dreamlike/jdks/leyden-jdk-24/lib/libsimdsort.so
73126aa7d000-73126aa7e000 rw-p 0003f000 103:05 10395075                  /home/dreamlike/jdks/leyden-jdk-24/lib/libsimdsort.so
73126aa7e000-73126aaff000 rw-p 00000000 00:00 0 
73126aaff000-73126ab00000 ---p 00000000 00:00 0 
73126ab00000-73126ac00000 rw-p 00000000 00:00 0 
73126ac00000-73126ac80000 rw-p 00000000 00:00 0 
73126ac80000-73127a6a0000 ---p 00000000 00:00 0 
73127a6b8000-73127a6ff000 rw-p 00000000 00:00 0 
73127a6ff000-73127a700000 ---p 00000000 00:00 0 
73127a700000-73127a800000 rw-p 00000000 00:00 0 
73127a800000-73127a810000 rw-p 00000000 00:00 0 
73127a810000-73127c754000 ---p 00000000 00:00 0 
73127c75e000-73127c800000 rw-p 00000000 00:00 0 
73127c800000-73127cb40000 rwxp 00000000 00:00 0 
73127cb40000-731283c59000 ---p 00000000 00:00 0 
731283c59000-731283ec9000 rwxp 00000000 00:00 0 
731283ec9000-7312843a5000 ---p 00000000 00:00 0 
7312843a5000-731284615000 rwxp 00000000 00:00 0 
731284615000-73128b800000 ---p 00000000 00:00 0 
73128b800000-731293fa9000 r--s 00000000 103:05 10395080                  /home/dreamlike/jdks/leyden-jdk-24/lib/modules
731293fb9000-731294e59000 rw-p 00000000 00:00 0 
731294e59000-731298000000 ---p 00000000 00:00 0 
73129800d000-731298018000 r-xp 00000000 103:05 10395069                  /home/dreamlike/jdks/leyden-jdk-24/lib/libnet.so
731298018000-731298019000 ---p 0000b000 103:05 10395069                  /home/dreamlike/jdks/leyden-jdk-24/lib/libnet.so
731298019000-73129801a000 r--p 0000b000 103:05 10395069                  /home/dreamlike/jdks/leyden-jdk-24/lib/libnet.so
73129801a000-73129801b000 rw-p 0000c000 103:05 10395069                  /home/dreamlike/jdks/leyden-jdk-24/lib/libnet.so
73129801b000-73129803c000 r--p 00000000 103:05 4748686                   /usr/share/locale-langpack/zh_CN/LC_MESSAGES/libc.mo
73129803c000-73129807d000 rw-p 00000000 00:00 0 
73129807d000-73129807e000 ---p 00000000 00:00 0 
73129807e000-73129817e000 rw-p 00000000 00:00 0 
73129817e000-731298210000 rw-p 00000000 00:00 0 
731298210000-73129a154000 ---p 00000000 00:00 0 
73129a15a000-73129a16d000 r-xp 00000000 103:05 10395070                  /home/dreamlike/jdks/leyden-jdk-24/lib/libnio.so
73129a16d000-73129a16e000 ---p 00013000 103:05 10395070                  /home/dreamlike/jdks/leyden-jdk-24/lib/libnio.so
73129a16e000-73129a16f000 r--p 00013000 103:05 10395070                  /home/dreamlike/jdks/leyden-jdk-24/lib/libnio.so
73129a16f000-73129a170000 rw-p 00014000 103:05 10395070                  /home/dreamlike/jdks/leyden-jdk-24/lib/libnio.so
73129a170000-73129a333000 rw-p 00000000 00:00 0 
73129a333000-73129a417000 ---p 00000000 00:00 0 
73129a417000-73129a41e000 rw-p 00000000 00:00 0 
73129a41e000-73129a500000 ---p 00000000 00:00 0 
73129a500000-73129a504000 ---p 00000000 00:00 0 
73129a504000-73129a600000 rw-p 00000000 00:00 0 
73129a600000-73129ba2a000 r-xp 00000000 103:05 10395092                  /home/dreamlike/jdks/leyden-jdk-24/lib/server/libjvm.so
73129ba2a000-73129bafc000 r--p 01429000 103:05 10395092                  /home/dreamlike/jdks/leyden-jdk-24/lib/server/libjvm.so
73129bafc000-73129bb2a000 rw-p 014fb000 103:05 10395092                  /home/dreamlike/jdks/leyden-jdk-24/lib/server/libjvm.so
73129bb2a000-73129bbae000 rw-p 00000000 00:00 0 
73129bbb5000-73129bbdd000 rw-p 00000000 00:00 0 
73129bbdd000-73129bbfd000 r-xp 00000000 103:05 10395055                  /home/dreamlike/jdks/leyden-jdk-24/lib/libjava.so
73129bbfd000-73129bbfe000 r--p 0001f000 103:05 10395055                  /home/dreamlike/jdks/leyden-jdk-24/lib/libjava.so
73129bbfe000-73129bbff000 rw-p 00020000 103:05 10395055                  /home/dreamlike/jdks/leyden-jdk-24/lib/libjava.so
73129bbff000-73129bc00000 rw-p 00000000 00:00 0 
73129bc00000-73129bc28000 r--p 00000000 103:05 4511800                   /usr/lib/x86_64-linux-gnu/libc.so.6
73129bc28000-73129bdb0000 r-xp 00028000 103:05 4511800                   /usr/lib/x86_64-linux-gnu/libc.so.6
73129bdb0000-73129bdff000 r--p 001b0000 103:05 4511800                   /usr/lib/x86_64-linux-gnu/libc.so.6
73129bdff000-73129be03000 r--p 001fe000 103:05 4511800                   /usr/lib/x86_64-linux-gnu/libc.so.6
73129be03000-73129be05000 rw-p 00202000 103:05 4511800                   /usr/lib/x86_64-linux-gnu/libc.so.6
73129be05000-73129be12000 rw-p 00000000 00:00 0 
73129be19000-73129be20000 r-xp 00000000 103:05 10395079                  /home/dreamlike/jdks/leyden-jdk-24/lib/libzip.so
73129be20000-73129be21000 ---p 00007000 103:05 10395079                  /home/dreamlike/jdks/leyden-jdk-24/lib/libzip.so
73129be21000-73129be22000 r--p 00007000 103:05 10395079                  /home/dreamlike/jdks/leyden-jdk-24/lib/libzip.so
73129be22000-73129be23000 rw-p 00008000 103:05 10395079                  /home/dreamlike/jdks/leyden-jdk-24/lib/libzip.so
73129be23000-73129be28000 rw-p 00000000 00:00 0 
73129be28000-73129be32000 ---p 00000000 00:00 0 
73129be32000-73129be50000 r-xp 00000000 103:05 10395059                  /home/dreamlike/jdks/leyden-jdk-24/lib/libjimage.so
73129be50000-73129be52000 r--p 0001d000 103:05 10395059                  /home/dreamlike/jdks/leyden-jdk-24/lib/libjimage.so
73129be52000-73129be53000 rw-p 0001f000 103:05 10395059                  /home/dreamlike/jdks/leyden-jdk-24/lib/libjimage.so
73129be53000-73129be63000 r--p 00000000 103:05 4511803                   /usr/lib/x86_64-linux-gnu/libm.so.6
73129be63000-73129bee2000 r-xp 00010000 103:05 4511803                   /usr/lib/x86_64-linux-gnu/libm.so.6
73129bee2000-73129bf3a000 r--p 0008f000 103:05 4511803                   /usr/lib/x86_64-linux-gnu/libm.so.6
73129bf3a000-73129bf3b000 r--p 000e7000 103:05 4511803                   /usr/lib/x86_64-linux-gnu/libm.so.6
73129bf3b000-73129bf3c000 rw-p 000e8000 103:05 4511803                   /usr/lib/x86_64-linux-gnu/libm.so.6
73129bf3c000-73129bf3d000 r--p 00000000 103:05 4511814                   /usr/lib/x86_64-linux-gnu/librt.so.1
73129bf3d000-73129bf3e000 r-xp 00001000 103:05 4511814                   /usr/lib/x86_64-linux-gnu/librt.so.1
73129bf3e000-73129bf3f000 r--p 00002000 103:05 4511814                   /usr/lib/x86_64-linux-gnu/librt.so.1
73129bf3f000-73129bf40000 r--p 00002000 103:05 4511814                   /usr/lib/x86_64-linux-gnu/librt.so.1
73129bf40000-73129bf41000 rw-p 00003000 103:05 4511814                   /usr/lib/x86_64-linux-gnu/librt.so.1
73129bf41000-73129bf45000 rw-p 00000000 00:00 0 
73129bf45000-73129bf46000 r--p 00000000 103:05 4511812                   /usr/lib/x86_64-linux-gnu/libpthread.so.0
73129bf46000-73129bf47000 r-xp 00001000 103:05 4511812                   /usr/lib/x86_64-linux-gnu/libpthread.so.0
73129bf47000-73129bf48000 r--p 00002000 103:05 4511812                   /usr/lib/x86_64-linux-gnu/libpthread.so.0
73129bf48000-73129bf49000 r--p 00002000 103:05 4511812                   /usr/lib/x86_64-linux-gnu/libpthread.so.0
73129bf49000-73129bf4a000 rw-p 00003000 103:05 4511812                   /usr/lib/x86_64-linux-gnu/libpthread.so.0
73129bf4a000-73129bf4b000 r--p 00000000 103:05 4511802                   /usr/lib/x86_64-linux-gnu/libdl.so.2
73129bf4b000-73129bf4c000 r-xp 00001000 103:05 4511802                   /usr/lib/x86_64-linux-gnu/libdl.so.2
73129bf4c000-73129bf4d000 r--p 00002000 103:05 4511802                   /usr/lib/x86_64-linux-gnu/libdl.so.2
73129bf4d000-73129bf4e000 r--p 00002000 103:05 4511802                   /usr/lib/x86_64-linux-gnu/libdl.so.2
73129bf4e000-73129bf4f000 rw-p 00003000 103:05 4511802                   /usr/lib/x86_64-linux-gnu/libdl.so.2
73129bf4f000-73129bf51000 r--p 00000000 103:05 4459359                   /usr/lib/x86_64-linux-gnu/libz.so.1.3
73129bf51000-73129bf63000 r-xp 00002000 103:05 4459359                   /usr/lib/x86_64-linux-gnu/libz.so.1.3
73129bf63000-73129bf69000 r--p 00014000 103:05 4459359                   /usr/lib/x86_64-linux-gnu/libz.so.1.3
73129bf69000-73129bf6a000 r--p 0001a000 103:05 4459359                   /usr/lib/x86_64-linux-gnu/libz.so.1.3
73129bf6a000-73129bf6b000 rw-p 0001b000 103:05 4459359                   /usr/lib/x86_64-linux-gnu/libz.so.1.3
73129bf6b000-73129bf72000 r--s 00000000 103:05 4511789                   /usr/lib/x86_64-linux-gnu/gconv/gconv-modules.cache
73129bf72000-73129bf82000 rw-s 00000000 103:05 6291783                   /tmp/hsperfdata_dreamlike/52915
73129bf82000-73129bf83000 ---p 00000000 00:00 0 
73129bf83000-73129bf84000 r--p 00000000 00:00 0 
73129bf84000-73129bf85000 ---p 00000000 00:00 0 
73129bf85000-73129bf94000 r-xp 00000000 103:05 10395060                  /home/dreamlike/jdks/leyden-jdk-24/lib/libjli.so
73129bf94000-73129bf95000 r--p 0000e000 103:05 10395060                  /home/dreamlike/jdks/leyden-jdk-24/lib/libjli.so
73129bf95000-73129bf96000 rw-p 0000f000 103:05 10395060                  /home/dreamlike/jdks/leyden-jdk-24/lib/libjli.so
73129bf96000-73129bf98000 rw-p 00000000 00:00 0 
73129bf98000-73129bf99000 r--p 00000000 103:05 4511797                   /usr/lib/x86_64-linux-gnu/ld-linux-x86-64.so.2
73129bf99000-73129bfc4000 r-xp 00001000 103:05 4511797                   /usr/lib/x86_64-linux-gnu/ld-linux-x86-64.so.2
73129bfc4000-73129bfce000 r--p 0002c000 103:05 4511797                   /usr/lib/x86_64-linux-gnu/ld-linux-x86-64.so.2
73129bfce000-73129bfd0000 r--p 00036000 103:05 4511797                   /usr/lib/x86_64-linux-gnu/ld-linux-x86-64.so.2
73129bfd0000-73129bfd2000 rw-p 00038000 103:05 4511797                   /usr/lib/x86_64-linux-gnu/ld-linux-x86-64.so.2
7ffe45e49000-7ffe45e6b000 rw-p 00000000 00:00 0                          [stack]
7ffe45e89000-7ffe45e8d000 r--p 00000000 00:00 0                          [vvar]
7ffe45e8d000-7ffe45e8f000 r-xp 00000000 00:00 0                          [vdso]
ffffffffff600000-ffffffffff601000 --xp 00000000 00:00 0                  [vsyscall]
Total number of mappings: 209


VM Arguments:
jvm_args: -XX:CacheDataStore=spring-leyden.cds -XX:+UnlockDiagnosticVMOptions -XX:-ReduceAllocationMerges -XX:CDSPreimage=spring-leyden.cds.preimage 
java_command: <unknown>
java_class_path (initial): leyden-spring/target/leyden-spring-0.0.1.jar
Launcher Type: SUN_STANDARD

[Global flags]
     bool ArchiveDynamicProxies                    = true                                {JVMCI product} {ergonomic}
     bool ArchiveFieldReferences                   = true                                {JVMCI product} {ergonomic}
     bool ArchiveInvokeDynamic                     = true                                {JVMCI product} {ergonomic}
     bool ArchiveLoaderLookupCache                 = true                                   {C1 product} {ergonomic}
     bool ArchiveMethodReferences                  = true                                   {C1 product} {ergonomic}
     bool ArchivePackages                          = true                                   {C1 product} {ergonomic}
     bool ArchiveReflectionData                    = true                                   {C1 product} {ergonomic}
     bool BackgroundCompilation                    = false                                  {pd product} {command line}
    ccstr CDSPreimage                              = spring-leyden.cds.preimage          {JVMCI product} {command line}
     intx CICompilerCount                          = 12                                        {product} {ergonomic}
    ccstr CacheDataStore                           = spring-leyden.cds                   {JVMCI product} {command line}
    ccstr CachedCodeFile                           = spring-leyden.cds.code                    {product} {ergonomic}
     uint CachedCodeMaxSize                        = 536870912                                 {product} {ergonomic}
     uint ConcGCThreads                            = 1                                         {product} {ergonomic}
     uint G1ConcRefinementThreads                  = 1                                         {product} {ergonomic}
   size_t G1HeapRegionSize                         = 8388608                                   {product} {ergonomic}
   size_t InitialHeapSize                          = 1056964608                                {product} {ergonomic}
   size_t MarkStackSize                            = 4194304                                   {product} {ergonomic}
   size_t MarkStackSizeMax                         = 536870912                                 {product} {ergonomic}
   size_t MaxHeapSize                              = 16819159040                               {product} {ergonomic}
   size_t MaxNewSize                               = 10091495424                               {product} {ergonomic}
   size_t MinHeapDeltaBytes                        = 8388608                                   {product} {ergonomic}
   size_t MinHeapSize                              = 8388608                                   {product} {ergonomic}
    uintx NonNMethodCodeHeapSize                   = 7651328                                {pd product} {ergonomic}
    uintx NonProfiledCodeHeapSize                  = 122007552                              {pd product} {ergonomic}
     uint ParallelGCThreads                        = 1                                         {product} {ergonomic}
     bool PreloadSharedClasses                     = true                                {JVMCI product} {ergonomic}
    uintx ProfiledCodeHeapSize                     = 121999360                              {pd product} {ergonomic}
     bool ReduceAllocationMerges                   = false                               {C2 diagnostic} {command line}
     bool ReplayTraining                           = true                                      {product} {ergonomic}
    uintx ReservedCodeCacheSize                    = 251658240                              {pd product} {ergonomic}
     bool SegmentedCodeCache                       = true                                      {product} {ergonomic}
   size_t SoftMaxHeapSize                          = 16819159040                            {manageable} {ergonomic}
     bool StoreCachedCode                          = true                                      {product} {ergonomic}
     bool THPStackMitigation                       = false                                  {diagnostic} {ergonomic}
     bool UnlockDiagnosticVMOptions                = true                                   {diagnostic} {command line}
     bool UseCompatibleCompressedOops              = true                           {product lp64_product} {ergonomic}
     bool UseCompressedOops                        = true                           {product lp64_product} {ergonomic}
     bool UseG1GC                                  = true                                      {product} {ergonomic}
     bool UsePermanentHeapObjects                  = true                                {C1 diagnostic} {ergonomic}

Logging:
Log output configuration:
 #0: stdout all=warning uptime,level,tags foldmultilines=false
 #1: stderr all=off uptime,level,tags foldmultilines=false

Environment Variables:
JAVA_HOME=/home/dreamlike/.sdkman/candidates/java/leyden-ea
PATH=/home/dreamlike/.sdkman/candidates/maven/current/bin:/home/dreamlike/.sdkman/candidates/java/leyden-ea/bin:/home/dreamlike/.sdkman/candidates/gradle/current/bin:/home/dreamlike/.cargo/bin:/usr/local/sbin:/usr/local/bin:/usr/sbin:/usr/bin:/sbin:/bin:/usr/games:/usr/local/games:/snap/bin
SHELL=/usr/bin/zsh
DISPLAY=:0
LANG=zh_CN.UTF-8
TERM=xterm-256color

Active Locale:
LC_ALL=zh_CN.UTF-8
LC_COLLATE=zh_CN.UTF-8
LC_CTYPE=zh_CN.UTF-8
LC_MESSAGES=zh_CN.UTF-8
LC_MONETARY=zh_CN.UTF-8
LC_NUMERIC=zh_CN.UTF-8
LC_TIME=zh_CN.UTF-8

Signal Handlers:
   SIGSEGV: crash_handler in libjvm.so, mask=11100100010111111101111111111110, flags=SA_RESTART|SA_SIGINFO, unblocked
    SIGBUS: crash_handler in libjvm.so, mask=11100100010111111101111111111110, flags=SA_RESTART|SA_SIGINFO, unblocked
    SIGFPE: crash_handler in libjvm.so, mask=11100100010111111101111111111110, flags=SA_RESTART|SA_SIGINFO, unblocked
   SIGPIPE: javaSignalHandler in libjvm.so, mask=11100100010111111101111111111110, flags=SA_RESTART|SA_SIGINFO, blocked
   SIGXFSZ: javaSignalHandler in libjvm.so, mask=11100100010111111101111111111110, flags=SA_RESTART|SA_SIGINFO, blocked
    SIGILL: crash_handler in libjvm.so, mask=11100100010111111101111111111110, flags=SA_RESTART|SA_SIGINFO, unblocked
   SIGUSR2: SR_handler in libjvm.so, mask=00000000000000000000000000000000, flags=SA_RESTART|SA_SIGINFO, blocked
    SIGHUP: UserHandler in libjvm.so, mask=11100100010111111101111111111110, flags=SA_RESTART|SA_SIGINFO, blocked
    SIGINT: UserHandler in libjvm.so, mask=11100100010111111101111111111110, flags=SA_RESTART|SA_SIGINFO, blocked
   SIGTERM: UserHandler in libjvm.so, mask=11100100010111111101111111111110, flags=SA_RESTART|SA_SIGINFO, blocked
   SIGQUIT: UserHandler in libjvm.so, mask=11100100010111111101111111111110, flags=SA_RESTART|SA_SIGINFO, blocked
   SIGTRAP: crash_handler in libjvm.so, mask=11100100010111111101111111111110, flags=SA_RESTART|SA_SIGINFO, unblocked


Periodic native trim disabled

---------------  S Y S T E M  ---------------

OS:
DISTRIB_ID=Ubuntu
DISTRIB_RELEASE=24.04
DISTRIB_CODENAME=noble
DISTRIB_DESCRIPTION="Ubuntu 24.04 LTS"
uname: Linux 6.8.0-31-generic #31-Ubuntu SMP PREEMPT_DYNAMIC Sat Apr 20 00:40:06 UTC 2024 x86_64
OS uptime: 1 days 1:05 hours
libc: glibc 2.39 NPTL 2.39 
rlimit (soft/hard): STACK 8192k/infinity , CORE 0k/infinity , NPROC 256286/256286 , NOFILE 1048576/1048576 , AS infinity/infinity , CPU infinity/infinity , DATA infinity/infinity , FSIZE infinity/infinity , MEMLOCK 8210104k/8210104k
load average: 3.06 2.09 1.60

/proc/meminfo:
MemTotal:       65680844 kB
MemFree:        46099788 kB
MemAvailable:   51738424 kB
Buffers:          546964 kB
Cached:          5816636 kB
SwapCached:            0 kB
Active:         15218328 kB
Inactive:        3083020 kB
Active(anon):   12293940 kB
Inactive(anon):        0 kB
Active(file):    2924388 kB
Inactive(file):  3083020 kB
Unevictable:        1092 kB
Mlocked:            1084 kB
SwapTotal:       8388604 kB
SwapFree:        8388604 kB
Zswap:                 0 kB
Zswapped:              0 kB
Dirty:              2740 kB
Writeback:             0 kB
AnonPages:      11938988 kB
Mapped:          2493396 kB
Shmem:            356164 kB
KReclaimable:     361192 kB
Slab:             651472 kB
SReclaimable:     361192 kB
SUnreclaim:       290280 kB
KernelStack:       33712 kB
PageTables:       108220 kB
SecPageTables:         0 kB
NFS_Unstable:          0 kB
Bounce:                0 kB
WritebackTmp:          0 kB
CommitLimit:    41229024 kB
Committed_AS:   29462140 kB
VmallocTotal:   34359738367 kB
VmallocUsed:      128988 kB
VmallocChunk:          0 kB
Percpu:            20800 kB
HardwareCorrupted:     0 kB
AnonHugePages:         0 kB
ShmemHugePages:        0 kB
ShmemPmdMapped:        0 kB
FileHugePages:         0 kB
FilePmdMapped:         0 kB
Unaccepted:            0 kB
HugePages_Total:       0
HugePages_Free:        0
HugePages_Rsvd:        0
HugePages_Surp:        0
Hugepagesize:       2048 kB
Hugetlb:               0 kB
DirectMap4k:      288872 kB
DirectMap2M:     5840896 kB
DirectMap1G:    62914560 kB

/sys/kernel/mm/transparent_hugepage/enabled: always [madvise] never
/sys/kernel/mm/transparent_hugepage/hpage_pmd_size: 2097152
/sys/kernel/mm/transparent_hugepage/shmem_enabled: always within_size advise [never] deny force
/sys/kernel/mm/transparent_hugepage/defrag (defrag/compaction efforts parameter): always defer defer+madvise [madvise] never

Process Memory:
Virtual Size: 24370408K (peak: 24435916K)
Resident Set Size: 1423080K (peak: 1423080K) (anon: 1178920K, file: 244160K, shmem: 0K)
Swapped out: 0K
C-Heap outstanding allocations: 911934K, retained: 14013K
glibc malloc tunables: (default)

/proc/sys/kernel/threads-max (system-wide limit on the number of threads): 512573
/proc/sys/vm/max_map_count (maximum number of memory map areas a process may have): 1048576
/proc/sys/vm/swappiness (control to define how aggressively the kernel swaps out anonymous memory): 60
/proc/sys/kernel/pid_max (system-wide limit on number of process identifiers): 4194304

container (cgroup) information:
container_type: cgroupv2
cpu_cpuset_cpus: not supported
cpu_memory_nodes: not supported
active_processor_count: 20
cpu_quota: not supported
cpu_period: not supported
cpu_shares: not supported
memory_limit_in_bytes: unlimited
memory_and_swap_limit_in_bytes: unlimited
memory_soft_limit_in_bytes: 0
memory_usage_in_bytes: 6593512 k
memory_max_usage_in_bytes: not supported
rss_usage_in_bytes: 5084328 k
cache_usage_in_bytes: 1381432 k
memory_swap_current_in_bytes: 0
memory_swap_max_limit_in_bytes: unlimited
maximum number of tasks: 76885
current number of tasks: 246

Steal ticks since vm start: 0
Steal ticks percentage since vm start:  0.000

CPU: total 20 (initial active 20) (20 cores per cpu, 1 threads per core) family 6 model 183 stepping 1 microcode 0x122, cx8, cmov, fxsr, mmx, 3dnowpref, sse, sse2, sse3, ssse3, sse4.1, sse4.2, popcnt, lzcnt, tsc, tscinvbit, avx, avx2, aes, erms, clmul, bmi1, bmi2, adx, sha, fma, vzeroupper, clflush, clflushopt, clwb, serialize, rdtscp, rdpid, fsrm, gfni, f16c, pku, ospke, cet_ibt, cet_ss
CPU Model and flags from /proc/cpuinfo:
model name	: 13th Gen Intel(R) Core(TM) i5-13600KF
flags		: fpu vme de pse tsc msr pae mce cx8 apic sep mtrr pge mca cmov pat pse36 clflush dts acpi mmx fxsr sse sse2 ss ht tm pbe syscall nx pdpe1gb rdtscp lm constant_tsc art arch_perfmon pebs bts rep_good nopl xtopology nonstop_tsc cpuid aperfmperf tsc_known_freq pni pclmulqdq dtes64 monitor ds_cpl vmx est tm2 ssse3 sdbg fma cx16 xtpr pdcm sse4_1 sse4_2 x2apic movbe popcnt tsc_deadline_timer aes xsave avx f16c rdrand lahf_lm abm 3dnowprefetch cpuid_fault ssbd ibrs ibpb stibp ibrs_enhanced tpr_shadow flexpriority ept vpid ept_ad fsgsbase tsc_adjust bmi1 avx2 smep bmi2 erms invpcid rdseed adx smap clflushopt clwb intel_pt sha_ni xsaveopt xsavec xgetbv1 xsaves split_lock_detect user_shstk avx_vnni dtherm ida arat pln pts hwp hwp_notify hwp_act_window hwp_epp hwp_pkg_req hfi vnmi umip pku ospke waitpkg gfni vaes vpclmulqdq rdpid movdiri movdir64b fsrm md_clear serialize arch_lbr ibt flush_l1d arch_capabilities

Online cpus: 0-19
Offline cpus: 
BIOS frequency limitation: <Not Available>
Frequency switch latency (ns): 0
Available cpu frequencies: <Not Available>
Current governor: powersave
Core performance/turbo boost: <Not Available>

Memory: 4k page, physical 65680844k(51738424k free), swap 8388604k(8388604k free)
Page Sizes: 4k

vm_info: OpenJDK 64-Bit Server VM (24-leydenpremain+2-8) for linux-amd64 JRE (24-leydenpremain+2-8), built on 2024-06-20T15:33:37Z with gcc 13.2.0

END.
